c:\users\user\source\repos\crate\x64\release\vc141.pdb
c:\users\user\source\repos\crate\x64\release\shader.obj
c:\users\user\source\repos\crate\x64\release\rendertexturecube.obj
c:\users\user\source\repos\crate\x64\release\rendertexture2d.obj
c:\users\user\source\repos\crate\x64\release\mobject.obj
c:\users\user\source\repos\crate\x64\release\mesh.obj
c:\users\user\source\repos\crate\x64\release\material.obj
c:\users\user\source\repos\crate\x64\release\cbufferpool.obj
c:\users\user\source\repos\crate\x64\release\mathhelper.obj
c:\users\user\source\repos\crate\x64\release\geometrygenerator.obj
c:\users\user\source\repos\crate\x64\release\gametimer.obj
c:\users\user\source\repos\crate\x64\release\descriptorheap.obj
c:\users\user\source\repos\crate\x64\release\ddstextureloader.obj
c:\users\user\source\repos\crate\x64\release\d3dutil.obj
c:\users\user\source\repos\crate\x64\release\d3dapp.obj
c:\users\user\source\repos\crate\x64\release\shaderid.obj
c:\users\user\source\repos\crate\x64\release\shadercompiler.obj
c:\users\user\source\repos\crate\x64\release\psocontainer.obj
c:\users\user\source\repos\crate\x64\release\meshlayout.obj
c:\users\user\source\repos\crate\x64\release\mathlib.obj
c:\users\user\source\repos\crate\x64\release\uploadbuffer.obj
c:\users\user\source\repos\crate\x64\release\texture.obj
c:\users\user\source\repos\crate\x64\release\crate.tlog\cl.command.1.tlog
c:\users\user\source\repos\crate\x64\release\crate.tlog\cl.read.1.tlog
c:\users\user\source\repos\crate\x64\release\crate.tlog\cl.write.1.tlog
